[    87.981] (--) Log file renamed from "/home/pruthviraj/.local/share/xorg/Xorg.pid-2481.log" to "/home/pruthviraj/.local/share/xorg/Xorg.0.log"
[    87.982] 
X.Org X Server 1.19.6
Release Date: 2017-12-20
[    87.982] X Protocol Version 11, Revision 0
[    87.982] Build Operating System: Linux 4.4.0-119-generic x86_64 Ubuntu
[    87.982] Current Operating System: Linux pruthviraj-3558 4.15.0-20-generic #21-Ubuntu SMP Tue Apr 24 06:16:15 UTC 2018 x86_64
[    87.982] Kernel command line: BOOT_IMAGE=/boot/vmlinuz-4.15.0-20-generic root=UUID=a01e7a82-728a-4639-8750-e97e775feb1e ro quiet splash vt.handoff=1
[    87.982] Build Date: 13 April 2018  08:07:36PM
[    87.982] xorg-server 2:1.19.6-1ubuntu4 (For technical support please see http://www.ubuntu.com/support) 
[    87.982] Current version of pixman: 0.34.0
[    87.982] 	Before reporting problems, check http://wiki.x.org
	to make sure that you have the latest version.
[    87.982] Markers: (--) probed, (**) from config file, (==) default setting,
	(++) from command line, (!!) notice, (II) informational,
	(WW) warning, (EE) error, (NI) not implemented, (??) unknown.
[    87.983] (==) Log file: "/home/pruthviraj/.local/share/xorg/Xorg.0.log", Time: Wed Jun 20 21:48:13 2018
[    87.990] (==) Using system config directory "/usr/share/X11/xorg.conf.d"
[    87.997] (==) No Layout section.  Using the first Screen section.
[    87.997] (==) No screen section available. Using defaults.
[    87.997] (**) |-->Screen "Default Screen Section" (0)
[    87.997] (**) |   |-->Monitor "<default monitor>"
[    87.999] (==) No monitor specified for screen "Default Screen Section".
	Using a default monitor configuration.
[    87.999] (==) Automatically adding devices
[    87.999] (==) Automatically enabling devices
[    87.999] (==) Automatically adding GPU devices
[    87.999] (==) Automatically binding GPU devices
[    87.999] (==) Max clients allowed: 256, resource mask: 0x1fffff
[    87.999] (WW) The directory "/usr/share/fonts/X11/cyrillic" does not exist.
[    87.999] 	Entry deleted from font path.
[    87.999] (WW) The directory "/usr/share/fonts/X11/100dpi/" does not exist.
[    87.999] 	Entry deleted from font path.
[    87.999] (WW) The directory "/usr/share/fonts/X11/75dpi/" does not exist.
[    87.999] 	Entry deleted from font path.
[    87.999] (WW) The directory "/usr/share/fonts/X11/100dpi" does not exist.
[    87.999] 	Entry deleted from font path.
[    87.999] (WW) The directory "/usr/share/fonts/X11/75dpi" does not exist.
[    87.999] 	Entry deleted from font path.
[    87.999] (==) FontPath set to:
	/usr/share/fonts/X11/misc,
	/usr/share/fonts/X11/Type1,
	built-ins
[    87.999] (==) ModulePath set to "/usr/lib/xorg/modules"
[    87.999] (II) The server relies on udev to provide the list of input devices.
	If no devices become available, reconfigure udev or disable AutoAddDevices.
[    87.999] (II) Loader magic: 0x55ef8e53b020
[    87.999] (II) Module ABI versions:
[    87.999] 	X.Org ANSI C Emulation: 0.4
[    87.999] 	X.Org Video Driver: 23.0
[    87.999] 	X.Org XInput driver : 24.1
[    87.999] 	X.Org Server Extension : 10.0
[    88.001] (++) using VT number 2

[    88.005] (II) systemd-logind: took control of session /org/freedesktop/login1/session/_32
[    88.006] (II) xfree86: Adding drm device (/dev/dri/card0)
[    88.008] (II) systemd-logind: got fd for /dev/dri/card0 226:0 fd 12 paused 0
[    88.010] (--) PCI:*(0:0:2:0) 8086:1616:1028:06b0 rev 9, Mem @ 0xa8000000/16777216, 0xb0000000/268435456, I/O @ 0x00004000/64, BIOS @ 0x????????/131072
[    88.010] (II) LoadModule: "glx"
[    88.108] (II) Loading /usr/lib/xorg/modules/extensions/libglx.so
[    88.153] (II) Module glx: vendor="X.Org Foundation"
[    88.153] 	compiled for 1.19.6, module version = 1.0.0
[    88.153] 	ABI class: X.Org Server Extension, version 10.0
[    88.153] (==) Matched modesetting as autoconfigured driver 0
[    88.153] (==) Matched fbdev as autoconfigured driver 1
[    88.153] (==) Matched vesa as autoconfigured driver 2
[    88.153] (==) Assigned the driver to the xf86ConfigLayout
[    88.153] (II) LoadModule: "modesetting"
[    88.153] (II) Loading /usr/lib/xorg/modules/drivers/modesetting_drv.so
[    88.209] (II) Module modesetting: vendor="X.Org Foundation"
[    88.209] 	compiled for 1.19.6, module version = 1.19.6
[    88.209] 	Module class: X.Org Video Driver
[    88.209] 	ABI class: X.Org Video Driver, version 23.0
[    88.209] (II) LoadModule: "fbdev"
[    88.210] (II) Loading /usr/lib/xorg/modules/drivers/fbdev_drv.so
[    88.224] (II) Module fbdev: vendor="X.Org Foundation"
[    88.224] 	compiled for 1.19.3, module version = 0.4.4
[    88.224] 	Module class: X.Org Video Driver
[    88.224] 	ABI class: X.Org Video Driver, version 23.0
[    88.224] (II) LoadModule: "vesa"
[    88.224] (II) Loading /usr/lib/xorg/modules/drivers/vesa_drv.so
[    88.252] (II) Module vesa: vendor="X.Org Foundation"
[    88.252] 	compiled for 1.19.3, module version = 2.3.4
[    88.252] 	Module class: X.Org Video Driver
[    88.252] 	ABI class: X.Org Video Driver, version 23.0
[    88.252] (II) modesetting: Driver for Modesetting Kernel Drivers: kms
[    88.252] (II) FBDEV: driver for framebuffer: fbdev
[    88.252] (II) VESA: driver for VESA chipsets: vesa
[    88.252] xf86EnableIOPorts: failed to set IOPL for I/O (Operation not permitted)
[    88.252] (II) modeset(0): using drv /dev/dri/card0
[    88.252] (WW) Falling back to old probe method for fbdev
[    88.252] (II) Loading sub module "fbdevhw"
[    88.252] (II) LoadModule: "fbdevhw"
[    88.252] (II) Loading /usr/lib/xorg/modules/libfbdevhw.so
[    88.265] (II) Module fbdevhw: vendor="X.Org Foundation"
[    88.265] 	compiled for 1.19.6, module version = 0.0.2
[    88.265] 	ABI class: X.Org Video Driver, version 23.0
[    88.265] (EE) open /dev/fb0: Permission denied
[    88.265] (WW) Falling back to old probe method for vesa
[    88.265] (WW) VGA arbiter: cannot open kernel arbiter, no multi-card support
[    88.265] (II) modeset(0): Creating default Display subsection in Screen section
	"Default Screen Section" for depth/fbbpp 24/32
[    88.265] (==) modeset(0): Depth 24, (==) framebuffer bpp 32
[    88.265] (==) modeset(0): RGB weight 888
[    88.265] (==) modeset(0): Default visual is TrueColor
[    88.266] (II) Loading sub module "glamoregl"
[    88.266] (II) LoadModule: "glamoregl"
[    88.266] (II) Loading /usr/lib/xorg/modules/libglamoregl.so
[    88.326] (II) Module glamoregl: vendor="X.Org Foundation"
[    88.326] 	compiled for 1.19.6, module version = 1.0.0
[    88.326] 	ABI class: X.Org ANSI C Emulation, version 0.4
[    88.326] (II) glamor: OpenGL accelerated X.org driver based.
[    88.338] (II) glamor: EGL version 1.4 (DRI2):
[    88.341] (II) modeset(0): glamor initialized
[    88.342] (II) modeset(0): Output eDP-1 has no monitor section
[    88.350] (II) modeset(0): Output HDMI-1 has no monitor section
[    88.353] (II) modeset(0): EDID for output eDP-1
[    88.353] (II) modeset(0): Manufacturer: AUO  Model: 10ec  Serial#: 0
[    88.353] (II) modeset(0): Year: 2016  Week: 0
[    88.353] (II) modeset(0): EDID Version: 1.4
[    88.353] (II) modeset(0): Digital Display Input
[    88.353] (II) modeset(0): 6 bits per channel
[    88.353] (II) modeset(0): Digital interface is DisplayPort
[    88.353] (II) modeset(0): Max Image Size [cm]: horiz.: 34  vert.: 19
[    88.353] (II) modeset(0): Gamma: 2.20
[    88.353] (II) modeset(0): No DPMS capabilities specified
[    88.353] (II) modeset(0): Supported color encodings: RGB 4:4:4 
[    88.353] (II) modeset(0): First detailed timing is preferred mode
[    88.353] (II) modeset(0): Preferred mode is native pixel format and refresh rate
[    88.353] (II) modeset(0): redX: 0.580 redY: 0.335   greenX: 0.330 greenY: 0.565
[    88.353] (II) modeset(0): blueX: 0.155 blueY: 0.140   whiteX: 0.313 whiteY: 0.329
[    88.353] (II) modeset(0): Manufacturer's mask: 0
[    88.353] (II) modeset(0): Supported detailed timing:
[    88.353] (II) modeset(0): clock: 77.0 MHz   Image Size:  344 x 193 mm
[    88.353] (II) modeset(0): h_active: 1366  h_sync: 1374  h_sync_end 1384 h_blank_end 1572 h_border: 0
[    88.353] (II) modeset(0): v_active: 768  v_sync: 771  v_sync_end 777 v_blanking: 816 v_border: 0
[    88.353] (II) modeset(0): Supported detailed timing:
[    88.353] (II) modeset(0): clock: 77.0 MHz   Image Size:  344 x 193 mm
[    88.353] (II) modeset(0): h_active: 1366  h_sync: 1374  h_sync_end 1384 h_blank_end 1606 h_border: 0
[    88.353] (II) modeset(0): v_active: 768  v_sync: 771  v_sync_end 777 v_blanking: 998 v_border: 0
[    88.353] (II) modeset(0):  2YTDPÅB156XTK
[    88.353] (II) modeset(0): Unknown vendor-specific block 0
[    88.353] (II) modeset(0): EDID (in hex):
[    88.353] (II) modeset(0): 	00ffffffffffff0006afec1000000000
[    88.353] (II) modeset(0): 	001a01049522137802bbf59455549027
[    88.353] (II) modeset(0): 	23505400000001010101010101010101
[    88.353] (II) modeset(0): 	010101010101141e56ce50003030080a
[    88.353] (II) modeset(0): 	360058c11000001a141e56f05000e630
[    88.353] (II) modeset(0): 	080a360058c11000001a000000fe0032
[    88.353] (II) modeset(0): 	59544450814231353658544b00000000
[    88.353] (II) modeset(0): 	00014122960111000009010a20200056
[    88.353] (II) modeset(0): Printing probed modes for output eDP-1
[    88.353] (II) modeset(0): Modeline "1366x768"x60.0   77.00  1366 1374 1384 1572  768 771 777 816 +hsync -vsync (49.0 kHz eP)
[    88.353] (II) modeset(0): Modeline "1366x768"x48.0   77.00  1366 1374 1384 1606  768 771 777 998 +hsync -vsync (47.9 kHz e)
[    88.353] (II) modeset(0): Modeline "1360x768"x59.8   84.75  1360 1432 1568 1776  768 771 781 798 -hsync +vsync (47.7 kHz d)
[    88.354] (II) modeset(0): Modeline "1360x768"x60.0   72.00  1360 1408 1440 1520  768 771 781 790 +hsync -vsync (47.4 kHz d)
[    88.354] (II) modeset(0): Modeline "1280x720"x120.0  156.12  1280 1376 1512 1744  720 721 724 746 doublescan -hsync +vsync (89.5 kHz d)
[    88.354] (II) modeset(0): Modeline "1280x720"x120.0  120.75  1280 1304 1320 1360  720 721 724 740 doublescan +hsync -vsync (88.8 kHz d)
[    88.354] (II) modeset(0): Modeline "1280x720"x59.9   74.50  1280 1344 1472 1664  720 723 728 748 -hsync +vsync (44.8 kHz d)
[    88.354] (II) modeset(0): Modeline "1280x720"x59.7   63.75  1280 1328 1360 1440  720 723 728 741 +hsync -vsync (44.3 kHz d)
[    88.354] (II) modeset(0): Modeline "1024x768"x120.1  133.47  1024 1100 1212 1400  768 768 770 794 doublescan -hsync +vsync (95.3 kHz d)
[    88.354] (II) modeset(0): Modeline "1024x768"x60.0   65.00  1024 1048 1184 1344  768 771 777 806 -hsync -vsync (48.4 kHz d)
[    88.354] (II) modeset(0): Modeline "960x720"x120.0  117.00  960 1024 1128 1300  720 720 722 750 doublescan -hsync +vsync (90.0 kHz d)
[    88.354] (II) modeset(0): Modeline "928x696"x120.1  109.15  928 976 1088 1264  696 696 698 719 doublescan -hsync +vsync (86.4 kHz d)
[    88.354] (II) modeset(0): Modeline "896x672"x120.0  102.40  896 960 1060 1224  672 672 674 697 doublescan -hsync +vsync (83.7 kHz d)
[    88.354] (II) modeset(0): Modeline "1024x576"x119.9   98.50  1024 1092 1200 1376  576 577 580 597 doublescan -hsync +vsync (71.6 kHz d)
[    88.354] (II) modeset(0): Modeline "1024x576"x119.9   78.38  1024 1048 1064 1104  576 577 580 592 doublescan +hsync -vsync (71.0 kHz d)
[    88.354] (II) modeset(0): Modeline "1024x576"x59.9   46.50  1024 1064 1160 1296  576 579 584 599 -hsync +vsync (35.9 kHz d)
[    88.354] (II) modeset(0): Modeline "1024x576"x59.8   42.00  1024 1072 1104 1184  576 579 584 593 +hsync -vsync (35.5 kHz d)
[    88.354] (II) modeset(0): Modeline "960x600"x119.9   96.62  960 1028 1128 1296  600 601 604 622 doublescan -hsync +vsync (74.6 kHz d)
[    88.354] (II) modeset(0): Modeline "960x600"x120.0   77.00  960 984 1000 1040  600 601 604 617 doublescan +hsync -vsync (74.0 kHz d)
[    88.354] (II) modeset(0): Modeline "960x540"x119.9   86.50  960 1024 1124 1288  540 541 544 560 doublescan -hsync +vsync (67.2 kHz d)
[    88.354] (II) modeset(0): Modeline "960x540"x120.0   69.25  960 984 1000 1040  540 541 544 555 doublescan +hsync -vsync (66.6 kHz d)
[    88.354] (II) modeset(0): Modeline "960x540"x59.6   40.75  960 992 1088 1216  540 543 548 562 -hsync +vsync (33.5 kHz d)
[    88.354] (II) modeset(0): Modeline "960x540"x59.8   37.25  960 1008 1040 1120  540 543 548 556 +hsync -vsync (33.3 kHz d)
[    88.354] (II) modeset(0): Modeline "800x600"x120.0   81.00  800 832 928 1080  600 600 602 625 doublescan +hsync +vsync (75.0 kHz d)
[    88.354] (II) modeset(0): Modeline "800x600"x60.3   40.00  800 840 968 1056  600 601 605 628 +hsync +vsync (37.9 kHz d)
[    88.354] (II) modeset(0): Modeline "800x600"x56.2   36.00  800 824 896 1024  600 601 603 625 +hsync +vsync (35.2 kHz d)
[    88.354] (II) modeset(0): Modeline "840x525"x120.0   73.12  840 892 980 1120  525 526 529 544 doublescan -hsync +vsync (65.3 kHz d)
[    88.354] (II) modeset(0): Modeline "840x525"x119.8   59.50  840 864 880 920  525 526 529 540 doublescan +hsync -vsync (64.7 kHz d)
[    88.354] (II) modeset(0): Modeline "864x486"x59.9   32.50  864 888 968 1072  486 489 494 506 -hsync +vsync (30.3 kHz d)
[    88.354] (II) modeset(0): Modeline "864x486"x59.6   30.50  864 912 944 1024  486 489 494 500 +hsync -vsync (29.8 kHz d)
[    88.354] (II) modeset(0): Modeline "800x512"x120.3   51.56  800 800 828 832  512 512 514 515 doublescan +hsync +vsync (62.0 kHz d)
[    88.354] (II) modeset(0): Modeline "700x525"x120.0   61.00  700 744 820 940  525 526 532 541 doublescan +hsync +vsync (64.9 kHz d)
[    88.354] (II) modeset(0): Modeline "800x450"x119.9   59.12  800 848 928 1056  450 451 454 467 doublescan -hsync +vsync (56.0 kHz d)
[    88.354] (II) modeset(0): Modeline "800x450"x119.6   48.75  800 824 840 880  450 451 454 463 doublescan +hsync -vsync (55.4 kHz d)
[    88.354] (II) modeset(0): Modeline "640x512"x120.0   54.00  640 664 720 844  512 512 514 533 doublescan +hsync +vsync (64.0 kHz d)
[    88.354] (II) modeset(0): Modeline "720x450"x119.8   53.25  720 760 836 952  450 451 454 467 doublescan -hsync +vsync (55.9 kHz d)
[    88.354] (II) modeset(0): Modeline "700x450"x119.9   51.75  700 740 812 924  450 451 456 467 doublescan -hsync +vsync (56.0 kHz d)
[    88.354] (II) modeset(0): Modeline "700x450"x119.8   43.25  700 724 740 780  450 451 456 463 doublescan +hsync -vsync (55.4 kHz d)
[    88.354] (II) modeset(0): Modeline "640x480"x120.0   54.00  640 688 744 900  480 480 482 500 doublescan +hsync +vsync (60.0 kHz d)
[    88.354] (II) modeset(0): Modeline "640x480"x59.9   25.18  640 656 752 800  480 490 492 525 -hsync -vsync (31.5 kHz d)
[    88.354] (II) modeset(0): Modeline "720x405"x59.5   22.50  720 744 808 896  405 408 413 422 -hsync +vsync (25.1 kHz d)
[    88.354] (II) modeset(0): Modeline "720x405"x59.0   21.75  720 768 800 880  405 408 413 419 +hsync -vsync (24.7 kHz d)
[    88.354] (II) modeset(0): Modeline "684x384"x119.8   42.62  684 720 788 892  384 385 390 399 doublescan -hsync +vsync (47.8 kHz d)
[    88.354] (II) modeset(0): Modeline "684x384"x119.7   36.12  684 708 724 764  384 385 390 395 doublescan +hsync -vsync (47.3 kHz d)
[    88.354] (II) modeset(0): Modeline "680x384"x119.6   42.38  680 716 784 888  384 385 390 399 doublescan -hsync +vsync (47.7 kHz d)
[    88.354] (II) modeset(0): Modeline "680x384"x119.9   36.00  680 704 720 760  384 385 390 395 doublescan +hsync -vsync (47.4 kHz d)
[    88.354] (II) modeset(0): Modeline "640x400"x119.8   41.75  640 676 740 840  400 401 404 415 doublescan -hsync +vsync (49.7 kHz d)
[    88.354] (II) modeset(0): Modeline "640x400"x120.0   35.50  640 664 680 720  400 401 404 411 doublescan +hsync -vsync (49.3 kHz d)
[    88.354] (II) modeset(0): Modeline "576x432"x120.1   40.81  576 608 668 760  432 432 434 447 doublescan -hsync +vsync (53.7 kHz d)
[    88.354] (II) modeset(0): Modeline "640x360"x119.7   37.25  640 672 736 832  360 361 364 374 doublescan -hsync +vsync (44.8 kHz d)
[    88.354] (II) modeset(0): Modeline "640x360"x119.7   31.88  640 664 680 720  360 361 364 370 doublescan +hsync -vsync (44.3 kHz d)
[    88.354] (II) modeset(0): Modeline "640x360"x59.8   18.00  640 664 720 800  360 363 368 376 -hsync +vsync (22.5 kHz d)
[    88.354] (II) modeset(0): Modeline "640x360"x59.3   17.75  640 688 720 800  360 363 368 374 +hsync -vsync (22.2 kHz d)
[    88.354] (II) modeset(0): Modeline "512x384"x120.0   32.50  512 524 592 672  384 385 388 403 doublescan -hsync -vsync (48.4 kHz d)
[    88.354] (II) modeset(0): Modeline "512x288"x120.0   23.25  512 532 580 648  288 289 292 299 doublescan -hsync +vsync (35.9 kHz d)
[    88.354] (II) modeset(0): Modeline "512x288"x119.8   21.00  512 536 552 592  288 289 292 296 doublescan +hsync -vsync (35.5 kHz d)
[    88.354] (II) modeset(0): Modeline "480x270"x119.3   20.38  480 496 544 608  270 271 274 281 doublescan -hsync +vsync (33.5 kHz d)
[    88.354] (II) modeset(0): Modeline "480x270"x119.6   18.62  480 504 520 560  270 271 274 278 doublescan +hsync -vsync (33.3 kHz d)
[    88.354] (II) modeset(0): Modeline "400x300"x120.6   20.00  400 420 484 528  300 300 302 314 doublescan +hsync +vsync (37.9 kHz d)
[    88.354] (II) modeset(0): Modeline "400x300"x112.7   18.00  400 412 448 512  300 300 301 312 doublescan +hsync +vsync (35.2 kHz d)
[    88.354] (II) modeset(0): Modeline "432x243"x119.8   16.25  432 444 484 536  243 244 247 253 doublescan -hsync +vsync (30.3 kHz d)
[    88.354] (II) modeset(0): Modeline "432x243"x119.1   15.25  432 456 472 512  243 244 247 250 doublescan +hsync -vsync (29.8 kHz d)
[    88.354] (II) modeset(0): Modeline "320x240"x120.1   12.59  320 328 376 400  240 245 246 262 doublescan -hsync -vsync (31.5 kHz d)
[    88.354] (II) modeset(0): Modeline "360x202"x119.0   11.25  360 372 404 448  202 204 206 211 doublescan -hsync +vsync (25.1 kHz d)
[    88.354] (II) modeset(0): Modeline "360x202"x118.3   10.88  360 384 400 440  202 204 206 209 doublescan +hsync -vsync (24.7 kHz d)
[    88.354] (II) modeset(0): Modeline "320x180"x119.7    9.00  320 332 360 400  180 181 184 188 doublescan -hsync +vsync (22.5 kHz d)
[    88.354] (II) modeset(0): Modeline "320x180"x118.6    8.88  320 344 360 400  180 181 184 187 doublescan +hsync -vsync (22.2 kHz d)
[    88.362] (II) modeset(0): EDID for output HDMI-1
[    88.362] (II) modeset(0): Output eDP-1 connected
[    88.362] (II) modeset(0): Output HDMI-1 disconnected
[    88.362] (II) modeset(0): Using exact sizes for initial modes
[    88.362] (II) modeset(0): Output eDP-1 using initial mode 1366x768 +0+0
[    88.362] (==) modeset(0): Using gamma correction (1.0, 1.0, 1.0)
[    88.362] (==) modeset(0): DPI set to (96, 96)
[    88.362] (II) Loading sub module "fb"
[    88.362] (II) LoadModule: "fb"
[    88.362] (II) Loading /usr/lib/xorg/modules/libfb.so
[    88.363] (II) Module fb: vendor="X.Org Foundation"
[    88.363] 	compiled for 1.19.6, module version = 1.0.0
[    88.363] 	ABI class: X.Org ANSI C Emulation, version 0.4
[    88.363] (II) UnloadModule: "fbdev"
[    88.363] (II) Unloading fbdev
[    88.363] (II) UnloadSubModule: "fbdevhw"
[    88.363] (II) Unloading fbdevhw
[    88.363] (II) UnloadModule: "vesa"
[    88.363] (II) Unloading vesa
[    88.364] (==) Depth 24 pixmap format is 32 bpp
[    88.490] (==) modeset(0): Backing store enabled
[    88.490] (==) modeset(0): Silken mouse enabled
[    88.551] (II) modeset(0): RandR 1.2 enabled, ignore the following RandR disabled message.
[    88.635] (==) modeset(0): DPMS enabled
[    88.635] (II) modeset(0): [DRI2] Setup complete
[    88.635] (II) modeset(0): [DRI2]   DRI driver: i965
[    88.635] (II) modeset(0): [DRI2]   VDPAU driver: i965
[    88.635] (--) RandR disabled
[    88.640] (II) SELinux: Disabled on system
[    88.652] (II) AIGLX: enabled GLX_MESA_copy_sub_buffer
[    88.652] (II) AIGLX: enabled GLX_ARB_create_context
[    88.652] (II) AIGLX: enabled GLX_ARB_create_context_profile
[    88.652] (II) AIGLX: enabled GLX_EXT_create_context_es{,2}_profile
[    88.652] (II) AIGLX: enabled GLX_INTEL_swap_event
[    88.652] (II) AIGLX: enabled GLX_SGI_swap_control
[    88.652] (II) AIGLX: enabled GLX_EXT_framebuffer_sRGB
[    88.652] (II) AIGLX: enabled GLX_ARB_fbconfig_float
[    88.652] (II) AIGLX: enabled GLX_EXT_fbconfig_packed_float
[    88.652] (II) AIGLX: GLX_EXT_texture_from_pixmap backed by buffer objects
[    88.652] (II) AIGLX: enabled GLX_ARB_create_context_robustness
[    88.652] (II) AIGLX: Loaded and initialized i965
[    88.652] (II) GLX: Initialized DRI2 GL provider for screen 0
[    88.655] (II) modeset(0): Damage tracking initialized
[    88.655] (II) modeset(0): Setting screen physical size to 361 x 203
[    88.687] (II) config/udev: Adding input device Power Button (/dev/input/event3)
[    88.687] (**) Power Button: Applying InputClass "libinput keyboard catchall"
[    88.687] (II) LoadModule: "libinput"
[    88.687] (II) Loading /usr/lib/xorg/modules/input/libinput_drv.so
[    88.706] (II) Module libinput: vendor="X.Org Foundation"
[    88.706] 	compiled for 1.19.6, module version = 0.27.1
[    88.706] 	Module class: X.Org XInput Driver
[    88.706] 	ABI class: X.Org XInput driver, version 24.1
[    88.706] (II) Using input driver 'libinput' for 'Power Button'
[    88.707] (II) systemd-logind: got fd for /dev/input/event3 13:67 fd 21 paused 0
[    88.707] (**) Power Button: always reports core events
[    88.707] (**) Option "Device" "/dev/input/event3"
[    88.707] (**) Option "_source" "server/udev"
[    88.708] (II) event3  - Power Button: is tagged by udev as: Keyboard
[    88.708] (II) event3  - Power Button: device is a keyboard
[    88.708] (II) event3  - Power Button: device removed
[    88.708] (**) Option "config_info" "udev:/sys/devices/LNXSYSTM:00/LNXPWRBN:00/input/input3/event3"
[    88.708] (II) XINPUT: Adding extended input device "Power Button" (type: KEYBOARD, id 6)
[    88.708] (**) Option "xkb_model" "pc105"
[    88.708] (**) Option "xkb_layout" "us"
[    88.709] (II) event3  - Power Button: is tagged by udev as: Keyboard
[    88.709] (II) event3  - Power Button: device is a keyboard
[    88.710] (II) config/udev: Adding input device Video Bus (/dev/input/event5)
[    88.710] (**) Video Bus: Applying InputClass "libinput keyboard catchall"
[    88.710] (II) Using input driver 'libinput' for 'Video Bus'
[    88.711] (II) systemd-logind: got fd for /dev/input/event5 13:69 fd 24 paused 0
[    88.711] (**) Video Bus: always reports core events
[    88.711] (**) Option "Device" "/dev/input/event5"
[    88.712] (**) Option "_source" "server/udev"
[    88.712] (II) event5  - Video Bus: is tagged by udev as: Keyboard
[    88.712] (II) event5  - Video Bus: device is a keyboard
[    88.712] (II) event5  - Video Bus: device removed
[    88.712] (**) Option "config_info" "udev:/sys/devices/LNXSYSTM:00/LNXSYBUS:00/PNP0A08:00/LNXVIDEO:00/input/input8/event5"
[    88.712] (II) XINPUT: Adding extended input device "Video Bus" (type: KEYBOARD, id 7)
[    88.712] (**) Option "xkb_model" "pc105"
[    88.712] (**) Option "xkb_layout" "us"
[    88.713] (II) event5  - Video Bus: is tagged by udev as: Keyboard
[    88.713] (II) event5  - Video Bus: device is a keyboard
[    88.714] (II) config/udev: Adding input device Power Button (/dev/input/event1)
[    88.714] (**) Power Button: Applying InputClass "libinput keyboard catchall"
[    88.714] (II) Using input driver 'libinput' for 'Power Button'
[    88.716] (II) systemd-logind: got fd for /dev/input/event1 13:65 fd 25 paused 0
[    88.717] (**) Power Button: always reports core events
[    88.717] (**) Option "Device" "/dev/input/event1"
[    88.717] (**) Option "_source" "server/udev"
[    88.717] (II) event1  - Power Button: is tagged by udev as: Keyboard
[    88.717] (II) event1  - Power Button: device is a keyboard
[    88.717] (II) event1  - Power Button: device removed
[    88.717] (**) Option "config_info" "udev:/sys/devices/LNXSYSTM:00/LNXSYBUS:00/PNP0C0C:00/input/input1/event1"
[    88.717] (II) XINPUT: Adding extended input device "Power Button" (type: KEYBOARD, id 8)
[    88.717] (**) Option "xkb_model" "pc105"
[    88.717] (**) Option "xkb_layout" "us"
[    88.718] (II) event1  - Power Button: is tagged by udev as: Keyboard
[    88.719] (II) event1  - Power Button: device is a keyboard
[    88.719] (II) config/udev: Adding input device Lid Switch (/dev/input/event0)
[    88.719] (II) No input driver specified, ignoring this device.
[    88.719] (II) This device may have been added with another device file.
[    88.720] (II) config/udev: Adding input device Sleep Button (/dev/input/event2)
[    88.720] (**) Sleep Button: Applying InputClass "libinput keyboard catchall"
[    88.720] (II) Using input driver 'libinput' for 'Sleep Button'
[    88.721] (II) systemd-logind: got fd for /dev/input/event2 13:66 fd 26 paused 0
[    88.721] (**) Sleep Button: always reports core events
[    88.721] (**) Option "Device" "/dev/input/event2"
[    88.721] (**) Option "_source" "server/udev"
[    88.721] (II) event2  - Sleep Button: is tagged by udev as: Keyboard
[    88.721] (II) event2  - Sleep Button: device is a keyboard
[    88.721] (II) event2  - Sleep Button: device removed
[    88.721] (**) Option "config_info" "udev:/sys/devices/LNXSYSTM:00/LNXSYBUS:00/PNP0C0E:00/input/input2/event2"
[    88.721] (II) XINPUT: Adding extended input device "Sleep Button" (type: KEYBOARD, id 9)
[    88.721] (**) Option "xkb_model" "pc105"
[    88.721] (**) Option "xkb_layout" "us"
[    88.722] (II) event2  - Sleep Button: is tagged by udev as: Keyboard
[    88.722] (II) event2  - Sleep Button: device is a keyboard
[    88.723] (II) config/udev: Adding input device HDA Intel HDMI HDMI/DP,pcm=3 (/dev/input/event12)
[    88.723] (II) No input driver specified, ignoring this device.
[    88.723] (II) This device may have been added with another device file.
[    88.723] (II) config/udev: Adding input device HDA Intel HDMI HDMI/DP,pcm=7 (/dev/input/event13)
[    88.723] (II) No input driver specified, ignoring this device.
[    88.723] (II) This device may have been added with another device file.
[    88.723] (II) config/udev: Adding input device HDA Intel HDMI HDMI/DP,pcm=8 (/dev/input/event14)
[    88.723] (II) No input driver specified, ignoring this device.
[    88.723] (II) This device may have been added with another device file.
[    88.724] (II) config/udev: Adding input device HDA Intel HDMI HDMI/DP,pcm=9 (/dev/input/event15)
[    88.724] (II) No input driver specified, ignoring this device.
[    88.724] (II) This device may have been added with another device file.
[    88.724] (II) config/udev: Adding input device HDA Intel HDMI HDMI/DP,pcm=10 (/dev/input/event16)
[    88.724] (II) No input driver specified, ignoring this device.
[    88.724] (II) This device may have been added with another device file.
[    88.725] (II) config/udev: Adding input device Lenovo Wireless Optical Mouse N100 (/dev/input/event7)
[    88.725] (**) Lenovo Wireless Optical Mouse N100: Applying InputClass "libinput pointer catchall"
[    88.725] (II) Using input driver 'libinput' for 'Lenovo Wireless Optical Mouse N100'
[    88.785] (II) systemd-logind: got fd for /dev/input/event7 13:71 fd 27 paused 0
[    88.785] (**) Lenovo Wireless Optical Mouse N100: always reports core events
[    88.785] (**) Option "Device" "/dev/input/event7"
[    88.786] (**) Option "_source" "server/udev"
[    88.788] (II) event7  - Lenovo Wireless Optical Mouse N100: is tagged by udev as: Mouse
[    88.788] (II) event7  - Lenovo Wireless Optical Mouse N100: device is a pointer
[    88.788] (II) event7  - Lenovo Wireless Optical Mouse N100: device removed
[    88.788] (**) Option "config_info" "udev:/sys/devices/pci0000:00/0000:00:14.0/usb2/2-3/2-3:1.0/0003:17EF:6053.0002/input/input9/event7"
[    88.788] (II) XINPUT: Adding extended input device "Lenovo Wireless Optical Mouse N100" (type: MOUSE, id 10)
[    88.788] (**) Option "AccelerationScheme" "none"
[    88.788] (**) Lenovo Wireless Optical Mouse N100: (accel) selected scheme none/0
[    88.788] (**) Lenovo Wireless Optical Mouse N100: (accel) acceleration factor: 2.000
[    88.788] (**) Lenovo Wireless Optical Mouse N100: (accel) acceleration threshold: 4
[    88.790] (II) event7  - Lenovo Wireless Optical Mouse N100: is tagged by udev as: Mouse
[    88.790] (II) event7  - Lenovo Wireless Optical Mouse N100: device is a pointer
[    88.790] (II) config/udev: Adding input device Lenovo Wireless Optical Mouse N100 (/dev/input/mouse1)
[    88.790] (II) No input driver specified, ignoring this device.
[    88.790] (II) This device may have been added with another device file.
[    88.791] (II) config/udev: Adding input device Integrated_Webcam_HD: Integrate (/dev/input/event10)
[    88.791] (**) Integrated_Webcam_HD: Integrate: Applying InputClass "libinput keyboard catchall"
[    88.792] (II) Using input driver 'libinput' for 'Integrated_Webcam_HD: Integrate'
[    88.794] (II) systemd-logind: got fd for /dev/input/event10 13:74 fd 28 paused 0
[    88.794] (**) Integrated_Webcam_HD: Integrate: always reports core events
[    88.794] (**) Option "Device" "/dev/input/event10"
[    88.794] (**) Option "_source" "server/udev"
[    88.795] (II) event10 - Integrated_Webcam_HD: Integrate: is tagged by udev as: Keyboard
[    88.795] (II) event10 - Integrated_Webcam_HD: Integrate: device is a keyboard
[    88.795] (II) event10 - Integrated_Webcam_HD: Integrate: device removed
[    88.796] (**) Option "config_info" "udev:/sys/devices/pci0000:00/0000:00:14.0/usb2/2-5/2-5:1.0/input/input12/event10"
[    88.796] (II) XINPUT: Adding extended input device "Integrated_Webcam_HD: Integrate" (type: KEYBOARD, id 11)
[    88.796] (**) Option "xkb_model" "pc105"
[    88.796] (**) Option "xkb_layout" "us"
[    88.797] (II) event10 - Integrated_Webcam_HD: Integrate: is tagged by udev as: Keyboard
[    88.797] (II) event10 - Integrated_Webcam_HD: Integrate: device is a keyboard
[    88.798] (II) config/udev: Adding input device eGalax Inc. eGalaxTouch EXC3000-0367-44.00.00 (/dev/input/event11)
[    88.798] (**) eGalax Inc. eGalaxTouch EXC3000-0367-44.00.00: Applying InputClass "libinput touchscreen catchall"
[    88.798] (II) Using input driver 'libinput' for 'eGalax Inc. eGalaxTouch EXC3000-0367-44.00.00'
[    88.856] (II) systemd-logind: got fd for /dev/input/event11 13:75 fd 29 paused 0
[    88.856] (**) eGalax Inc. eGalaxTouch EXC3000-0367-44.00.00: always reports core events
[    88.856] (**) Option "Device" "/dev/input/event11"
[    88.856] (**) Option "_source" "server/udev"
[    88.857] (II) event11 - eGalax Inc. eGalaxTouch EXC3000-0367-44.00.00: is tagged by udev as: Touchscreen
[    88.857] (II) event11 - eGalax Inc. eGalaxTouch EXC3000-0367-44.00.00: device is a touch device
[    88.857] (II) event11 - eGalax Inc. eGalaxTouch EXC3000-0367-44.00.00: device removed
[    88.857] (**) Option "config_info" "udev:/sys/devices/pci0000:00/0000:00:14.0/usb2/2-7/2-7:1.0/0003:0EEF:C04D.0003/input/input13/event11"
[    88.857] (II) XINPUT: Adding extended input device "eGalax Inc. eGalaxTouch EXC3000-0367-44.00.00" (type: TOUCHSCREEN, id 12)
[    88.857] (**) Option "AccelerationScheme" "none"
[    88.857] (**) eGalax Inc. eGalaxTouch EXC3000-0367-44.00.00: (accel) selected scheme none/0
[    88.857] (**) eGalax Inc. eGalaxTouch EXC3000-0367-44.00.00: (accel) acceleration factor: 2.000
[    88.857] (**) eGalax Inc. eGalaxTouch EXC3000-0367-44.00.00: (accel) acceleration threshold: 4
[    88.858] (II) event11 - eGalax Inc. eGalaxTouch EXC3000-0367-44.00.00: is tagged by udev as: Touchscreen
[    88.858] (II) event11 - eGalax Inc. eGalaxTouch EXC3000-0367-44.00.00: device is a touch device
[    88.858] (II) config/udev: Adding input device eGalax Inc. eGalaxTouch EXC3000-0367-44.00.00 (/dev/input/mouse2)
[    88.858] (II) No input driver specified, ignoring this device.
[    88.858] (II) This device may have been added with another device file.
[    88.859] (II) config/udev: Adding input device HDA Intel PCH Headphone Mic (/dev/input/event17)
[    88.859] (II) No input driver specified, ignoring this device.
[    88.859] (II) This device may have been added with another device file.
[    88.859] (II) config/udev: Adding input device Synaptics TM3096-001 (/dev/input/event6)
[    88.859] (**) Synaptics TM3096-001: Applying InputClass "libinput touchpad catchall"
[    88.859] (II) Using input driver 'libinput' for 'Synaptics TM3096-001'
[    88.864] (II) systemd-logind: got fd for /dev/input/event6 13:70 fd 30 paused 0
[    88.864] (**) Synaptics TM3096-001: always reports core events
[    88.864] (**) Option "Device" "/dev/input/event6"
[    88.864] (**) Option "_source" "server/udev"
[    88.864] (II) event6  - Synaptics TM3096-001: is tagged by udev as: Touchpad
[    88.864] (II) event6  - Synaptics TM3096-001: device is a touchpad
[    88.864] (II) event6  - Synaptics TM3096-001: device removed
[    88.865] (**) Option "config_info" "udev:/sys/devices/pci0000:00/INT3433:00/i2c-1/i2c-DLL06B0:00/0018:06CB:78F1.0001/input/input7/event6"
[    88.865] (II) XINPUT: Adding extended input device "Synaptics TM3096-001" (type: TOUCHPAD, id 13)
[    88.865] (**) Option "AccelerationScheme" "none"
[    88.865] (**) Synaptics TM3096-001: (accel) selected scheme none/0
[    88.865] (**) Synaptics TM3096-001: (accel) acceleration factor: 2.000
[    88.865] (**) Synaptics TM3096-001: (accel) acceleration threshold: 4
[    88.866] (II) event6  - Synaptics TM3096-001: is tagged by udev as: Touchpad
[    88.866] (II) event6  - Synaptics TM3096-001: device is a touchpad
[    88.866] (II) config/udev: Adding input device Synaptics TM3096-001 (/dev/input/mouse0)
[    88.866] (II) No input driver specified, ignoring this device.
[    88.866] (II) This device may have been added with another device file.
[    88.867] (II) config/udev: Adding input device Dell WMI hotkeys (/dev/input/event9)
[    88.867] (**) Dell WMI hotkeys: Applying InputClass "libinput keyboard catchall"
[    88.867] (II) Using input driver 'libinput' for 'Dell WMI hotkeys'
[    88.870] (II) systemd-logind: got fd for /dev/input/event9 13:73 fd 31 paused 0
[    88.870] (**) Dell WMI hotkeys: always reports core events
[    88.870] (**) Option "Device" "/dev/input/event9"
[    88.870] (**) Option "_source" "server/udev"
[    88.870] (II) event9  - Dell WMI hotkeys: is tagged by udev as: Keyboard
[    88.870] (II) event9  - Dell WMI hotkeys: device is a keyboard
[    88.870] (II) event9  - Dell WMI hotkeys: device removed
[    88.870] (**) Option "config_info" "udev:/sys/devices/platform/PNP0C14:00/wmi_bus/wmi_bus-PNP0C14:00/9DBB5994-A997-11DA-B012-B622A1EF5492/input/input11/event9"
[    88.870] (II) XINPUT: Adding extended input device "Dell WMI hotkeys" (type: KEYBOARD, id 14)
[    88.870] (**) Option "xkb_model" "pc105"
[    88.870] (**) Option "xkb_layout" "us"
[    88.871] (II) event9  - Dell WMI hotkeys: is tagged by udev as: Keyboard
[    88.871] (II) event9  - Dell WMI hotkeys: device is a keyboard
[    88.872] (II) config/udev: Adding input device AT Translated Set 2 keyboard (/dev/input/event4)
[    88.872] (**) AT Translated Set 2 keyboard: Applying InputClass "libinput keyboard catchall"
[    88.872] (II) Using input driver 'libinput' for 'AT Translated Set 2 keyboard'
[    88.873] (II) systemd-logind: got fd for /dev/input/event4 13:68 fd 32 paused 0
[    88.873] (**) AT Translated Set 2 keyboard: always reports core events
[    88.873] (**) Option "Device" "/dev/input/event4"
[    88.873] (**) Option "_source" "server/udev"
[    88.874] (II) event4  - AT Translated Set 2 keyboard: is tagged by udev as: Keyboard
[    88.874] (II) event4  - AT Translated Set 2 keyboard: device is a keyboard
[    88.874] (II) event4  - AT Translated Set 2 keyboard: device removed
[    88.874] (**) Option "config_info" "udev:/sys/devices/platform/i8042/serio0/input/input4/event4"
[    88.874] (II) XINPUT: Adding extended input device "AT Translated Set 2 keyboard" (type: KEYBOARD, id 15)
[    88.874] (**) Option "xkb_model" "pc105"
[    88.874] (**) Option "xkb_layout" "us"
[    88.875] (II) event4  - AT Translated Set 2 keyboard: is tagged by udev as: Keyboard
[    88.875] (II) event4  - AT Translated Set 2 keyboard: device is a keyboard
[    88.878] (II) config/udev: Adding input device DELL Wireless hotkeys (/dev/input/event8)
[    88.878] (**) DELL Wireless hotkeys: Applying InputClass "libinput keyboard catchall"
[    88.878] (II) Using input driver 'libinput' for 'DELL Wireless hotkeys'
[    88.879] (II) systemd-logind: got fd for /dev/input/event8 13:72 fd 33 paused 0
[    88.879] (**) DELL Wireless hotkeys: always reports core events
[    88.880] (**) Option "Device" "/dev/input/event8"
[    88.880] (**) Option "_source" "server/udev"
[    88.880] (II) event8  - DELL Wireless hotkeys: is tagged by udev as: Keyboard
[    88.880] (II) event8  - DELL Wireless hotkeys: device is a keyboard
[    88.880] (II) event8  - DELL Wireless hotkeys: device removed
[    88.880] (**) Option "config_info" "udev:/sys/devices/virtual/input/input10/event8"
[    88.880] (II) XINPUT: Adding extended input device "DELL Wireless hotkeys" (type: KEYBOARD, id 16)
[    88.880] (**) Option "xkb_model" "pc105"
[    88.880] (**) Option "xkb_layout" "us"
[    88.881] (II) event8  - DELL Wireless hotkeys: is tagged by udev as: Keyboard
[    88.881] (II) event8  - DELL Wireless hotkeys: device is a keyboard
[    88.902] (EE) client bug: timer event7 debounce: offset negative (-87ms)
[    88.902] (EE) client bug: timer event7 debounce: offset negative (-27ms)
[    88.902] (EE) client bug: timer event7 debounce short: offset negative (-41ms)
[    91.514] (II) modeset(0): EDID vendor "AUO", prod id 4332
[    91.514] (II) modeset(0): Printing DDC gathered Modelines:
[    91.514] (II) modeset(0): Modeline "1366x768"x0.0   77.00  1366 1374 1384 1572  768 771 777 816 +hsync -vsync (49.0 kHz eP)
[    91.514] (II) modeset(0): Modeline "1366x768"x0.0   77.00  1366 1374 1384 1606  768 771 777 998 +hsync -vsync (47.9 kHz e)
[    98.289] (II) modeset(0): EDID vendor "AUO", prod id 4332
[    98.289] (II) modeset(0): Printing DDC gathered Modelines:
[    98.289] (II) modeset(0): Modeline "1366x768"x0.0   77.00  1366 1374 1384 1572  768 771 777 816 +hsync -vsync (49.0 kHz eP)
[    98.289] (II) modeset(0): Modeline "1366x768"x0.0   77.00  1366 1374 1384 1606  768 771 777 998 +hsync -vsync (47.9 kHz e)
[   301.372] (II) modeset(0): EDID vendor "AUO", prod id 4332
[   301.372] (II) modeset(0): Printing DDC gathered Modelines:
[   301.372] (II) modeset(0): Modeline "1366x768"x0.0   77.00  1366 1374 1384 1572  768 771 777 816 +hsync -vsync (49.0 kHz eP)
[   301.372] (II) modeset(0): Modeline "1366x768"x0.0   77.00  1366 1374 1384 1606  768 771 777 998 +hsync -vsync (47.9 kHz e)
[  1734.437] (II) modeset(0): EDID vendor "AUO", prod id 4332
[  1734.437] (II) modeset(0): Printing DDC gathered Modelines:
[  1734.437] (II) modeset(0): Modeline "1366x768"x0.0   77.00  1366 1374 1384 1572  768 771 777 816 +hsync -vsync (49.0 kHz eP)
[  1734.437] (II) modeset(0): Modeline "1366x768"x0.0   77.00  1366 1374 1384 1606  768 771 777 998 +hsync -vsync (47.9 kHz e)
